f:\陈昭良d3d作品\场景载入练习\debug\vc141.pdb
f:\陈昭良d3d作品\场景载入练习\debug\vc141.idb
f:\陈昭良d3d作品\场景载入练习\debug\grass.obj
f:\陈昭良d3d作品\场景载入练习\debug\house.obj
f:\陈昭良d3d作品\场景载入练习\debug\input.obj
f:\陈昭良d3d作品\场景载入练习\debug\monster.obj
f:\陈昭良d3d作品\场景载入练习\debug\mouse.obj
f:\陈昭良d3d作品\场景载入练习\debug\particlesystem.obj
f:\陈昭良d3d作品\场景载入练习\debug\plant.obj
f:\陈昭良d3d作品\场景载入练习\debug\role.obj
f:\陈昭良d3d作品\场景载入练习\debug\sceneobject.obj
f:\陈昭良d3d作品\场景载入练习\debug\skybox.obj
f:\陈昭良d3d作品\场景载入练习\debug\skydome.obj
f:\陈昭良d3d作品\场景载入练习\debug\skysphere.obj
f:\陈昭良d3d作品\场景载入练习\debug\snow.obj
f:\陈昭良d3d作品\场景载入练习\debug\snow1.obj
f:\陈昭良d3d作品\场景载入练习\debug\startui.obj
f:\陈昭良d3d作品\场景载入练习\debug\staticobject.obj
f:\陈昭良d3d作品\场景载入练习\debug\sun.obj
f:\陈昭良d3d作品\场景载入练习\debug\sun2.obj
f:\陈昭良d3d作品\场景载入练习\debug\terrain.obj
f:\陈昭良d3d作品\场景载入练习\debug\water.obj
f:\陈昭良d3d作品\场景载入练习\debug\allocatehierarchy.obj
f:\陈昭良d3d作品\场景载入练习\debug\animmesh.obj
f:\陈昭良d3d作品\场景载入练习\debug\baseobject.obj
f:\陈昭良d3d作品\场景载入练习\debug\boundingvolume.obj
f:\陈昭良d3d作品\场景载入练习\debug\butterfly.obj
f:\陈昭良d3d作品\场景载入练习\debug\camera.obj
f:\陈昭良d3d作品\场景载入练习\debug\collision.obj
f:\陈昭良d3d作品\场景载入练习\debug\config.obj
f:\陈昭良d3d作品\场景载入练习\debug\createwindows.obj
f:\陈昭良d3d作品\场景载入练习\debug\d3dinit.obj
f:\陈昭良d3d作品\场景载入练习\debug\frustum.obj
f:\陈昭良d3d作品\场景载入练习\debug\gamefont.obj
f:\陈昭良d3d作品\场景载入练习\debug\gametime.obj
f:\czl\dx_test\场景载入练习\debug\vc141.pdb
f:\czl\dx_test\场景载入练习\debug\vc141.idb
f:\陈昭良d3d作品\debug\陈昭良作品.ilk
f:\陈昭良d3d作品\debug\陈昭良作品.exe
f:\陈昭良d3d作品\debug\陈昭良作品.pdb
f:\czl\dx_test\debug\陈昭良作品.pdb
f:\czl\dx_test\debug\陈昭良作品.exe
f:\czl\dx_test\debug\陈昭良作品.ilk
f:\czl\dx_test\场景载入练习\debug\陈昭良作品.tlog\cl.command.1.tlog
f:\czl\dx_test\场景载入练习\debug\陈昭良作品.tlog\cl.read.1.tlog
f:\czl\dx_test\场景载入练习\debug\陈昭良作品.tlog\cl.write.1.tlog
f:\czl\dx_test\场景载入练习\debug\陈昭良作品.tlog\link.command.1.tlog
f:\czl\dx_test\场景载入练习\debug\陈昭良作品.tlog\link.read.1.tlog
f:\czl\dx_test\场景载入练习\debug\陈昭良作品.tlog\link.write.1.tlog
